# JRE version: Java(TM) SE Runtime Environment (12.0+33) (build 12+33)
# Java VM: Java HotSpot(TM) 64-Bit Server VM (12+33, mixed mode, sharing, tiered, compressed oops, g1 gc, bsd-amd64)
Heap:
 garbage-first heap   total 395264K, used 14030K [0x0000000680000000, 0x0000000800000000)
  region size 1024K, 14 young (14336K), 5 survivors (5120K)
 Metaspace       used 12487K, capacity 12922K, committed 13056K, reserved 1060864K
  class space    used 1381K, capacity 1496K, committed 1536K, reserved 1048576K
GC Heap History (6 events):
Event: 0.665 GC heap before
{Heap before GC invocations=0 (full 0):
 garbage-first heap   total 395264K, used 19156K [0x0000000680000000, 0x0000000800000000)
  region size 1024K, 19 young (19456K), 0 survivors (0K)
 Metaspace       used 8100K, capacity 8371K, committed 8704K, reserved 1056768K
  class space    used 884K, capacity 978K, committed 1024K, reserved 1048576K
}
Event: 0.674 GC heap after
{Heap after GC invocations=1 (full 0):
 garbage-first heap   total 395264K, used 3840K [0x0000000680000000, 0x0000000800000000)
  region size 1024K, 3 young (3072K), 3 survivors (3072K)
 Metaspace       used 8100K, capacity 8371K, committed 8704K, reserved 1056768K
  class space    used 884K, capacity 978K, committed 1024K, reserved 1048576K
}
Event: 1.706 GC heap before
{Heap before GC invocations=1 (full 0):
 garbage-first heap   total 395264K, used 83712K [0x0000000680000000, 0x0000000800000000)
  region size 1024K, 81 young (82944K), 3 survivors (3072K)
 Metaspace       used 8222K, capacity 8499K, committed 8704K, reserved 1056768K
  class space    used 884K, capacity 978K, committed 1024K, reserved 1048576K
}
Event: 1.710 GC heap after
{Heap after GC invocations=2 (full 0):
 garbage-first heap   total 395264K, used 4058K [0x0000000680000000, 0x0000000800000000)
  region size 1024K, 4 young (4096K), 4 survivors (4096K)
 Metaspace       used 8222K, capacity 8499K, committed 8704K, reserved 1056768K
  class space    used 884K, capacity 978K, committed 1024K, reserved 1048576K
}
Event: 3.045 GC heap before
{Heap before GC invocations=2 (full 0):
 garbage-first heap   total 395264K, used 92122K [0x0000000680000000, 0x0000000800000000)
  region size 1024K, 90 young (92160K), 4 survivors (4096K)
 Metaspace       used 11659K, capacity 12080K, committed 12288K, reserved 1060864K
  class space    used 1307K, capacity 1454K, committed 1536K, reserved 1048576K
}
Event: 3.050 GC heap after
{Heap after GC invocations=3 (full 0):
 garbage-first heap   total 395264K, used 5838K [0x0000000680000000, 0x0000000800000000)
  region size 1024K, 5 young (5120K), 5 survivors (5120K)
 Metaspace       used 11659K, capacity 12080K, committed 12288K, reserved 1060864K
  class space    used 1307K, capacity 1454K, committed 1536K, reserved 1048576K
}

